<?xml version="1.0" encoding="UTF-8"?>
<!-- Generated by org.testng.reporters.JUnitXMLReporter -->
<testsuite ignored="2" hostname="DESKTOP-TFS1HKJ" failures="0" tests="9" name="Test" time="4.017" errors="0" timestamp="2021-03-01T00:36:20 CST">
  <testcase classname="testCases.Test_Search_With_Terms" name="testGooleSearch" time="2.145"/>
  <testcase classname="testCases.Test_Search_With_Terms" name="suggestion_question_is_Appeared" time="0.046"/>
  <testcase classname="testCases.Test_Search_With_Terms" name="display_Map" time="0.133"/>
  <testcase classname="testCases.Test_Search_With_Terms" name="verify_time_taken_less_than_second" time="0.117"/>
  <testcase classname="testCases.Test_Search_With_Terms" name="verify_search_result_will_appear_about_is_visible" time="0.073"/>
  <testcase classname="testCases.Test_Search_WithOut_Terms" name="testGooleSearch" time="1.383"/>
  <testcase classname="testCases.Test_Search_WithOut_Terms" name="verify_Title" time="0.005"/>
  <testcase classname="testCases.Test_Search_WithOut_Terms" name="about_Search_Results_Is_Appeard" time="0.03"/>
  <testcase classname="testCases.Test_Search_WithOut_Terms" name="verify_time_taken_less_than_second" time="0.03"/>
  <testcase classname="testBase.BrowserMethods" name="@BeforeSuite beforeSuite" time="0.0">
    <ignored/>
  </testcase> <!-- @BeforeSuite beforeSuite -->
  <testcase classname="testBase.BrowserMethods" name="@AfterSuite afterSuite" time="0.0">
    <ignored/>
  </testcase> <!-- @AfterSuite afterSuite -->
</testsuite> <!-- Test -->
