<?xml version="1.0" encoding="UTF-8"?>
<testng-results ignored="2" total="11" passed="9" failed="0" skipped="0">
  <reporter-output>
  </reporter-output>
  <suite started-at="2021-03-01T00:36:16 CST" name="Suite" finished-at="2021-03-01T00:36:20 CST" duration-ms="4017">
    <groups>
    </groups>
    <test started-at="2021-03-01T00:36:16 CST" name="Test" finished-at="2021-03-01T00:36:20 CST" duration-ms="4017">
      <class name="testCases.Test_Search_With_Terms">
        <test-method is-config="true" signature="beforeSuite()[pri:0, instance:testCases.Test_Search_With_Terms@40cb8df7]" started-at="2021-03-01T00:36:14 CST" name="beforeSuite" finished-at="2021-03-01T00:36:16 CST" duration-ms="2161" status="PASS">
          <reporter-output>
          </reporter-output>
        </test-method> <!-- beforeSuite -->
        <test-method is-config="true" signature="beforeMethods(java.lang.reflect.Method)[pri:0, instance:testCases.Test_Search_With_Terms@40cb8df7]" started-at="2021-03-01T00:36:16 CST" name="beforeMethods" finished-at="2021-03-01T00:36:16 CST" duration-ms="9" status="PASS">
          <params>
            <param index="0">
              <value>
                <![CDATA[public void testCases.Test_Search_With_Terms.testGooleSearch()]]>
              </value>
            </param>
          </params>
          <reporter-output>
          </reporter-output>
        </test-method> <!-- beforeMethods -->
        <test-method signature="testGooleSearch()[pri:1, instance:testCases.Test_Search_With_Terms@40cb8df7]" started-at="2021-03-01T00:36:16 CST" name="testGooleSearch" finished-at="2021-03-01T00:36:18 CST" duration-ms="2145" status="PASS">
          <reporter-output>
          </reporter-output>
        </test-method> <!-- testGooleSearch -->
        <test-method is-config="true" signature="afterMethod(org.testng.ITestResult)[pri:0, instance:testCases.Test_Search_With_Terms@40cb8df7]" started-at="2021-03-01T00:36:18 CST" name="afterMethod" finished-at="2021-03-01T00:36:18 CST" duration-ms="5" status="PASS">
          <params>
            <param index="0">
              <value>
                <![CDATA[[TestResult name=testGooleSearch status=SUCCESS method=Test_Search_With_Terms.testGooleSearch()[pri:1, instance:testCases.Test_Search_With_Terms@40cb8df7] output={null}]]]>
              </value>
            </param>
          </params>
          <reporter-output>
          </reporter-output>
        </test-method> <!-- afterMethod -->
        <test-method is-config="true" signature="beforeMethods(java.lang.reflect.Method)[pri:0, instance:testCases.Test_Search_With_Terms@40cb8df7]" started-at="2021-03-01T00:36:18 CST" name="beforeMethods" finished-at="2021-03-01T00:36:18 CST" duration-ms="0" status="PASS">
          <params>
            <param index="0">
              <value>
                <![CDATA[public void testCases.Test_Search_With_Terms.suggestion_question_is_Appeared()]]>
              </value>
            </param>
          </params>
          <reporter-output>
          </reporter-output>
        </test-method> <!-- beforeMethods -->
        <test-method signature="suggestion_question_is_Appeared()[pri:2, instance:testCases.Test_Search_With_Terms@40cb8df7]" started-at="2021-03-01T00:36:18 CST" name="suggestion_question_is_Appeared" finished-at="2021-03-01T00:36:18 CST" duration-ms="46" status="PASS">
          <reporter-output>
          </reporter-output>
        </test-method> <!-- suggestion_question_is_Appeared -->
        <test-method is-config="true" signature="afterMethod(org.testng.ITestResult)[pri:0, instance:testCases.Test_Search_With_Terms@40cb8df7]" started-at="2021-03-01T00:36:18 CST" name="afterMethod" finished-at="2021-03-01T00:36:18 CST" duration-ms="1" status="PASS">
          <params>
            <param index="0">
              <value>
                <![CDATA[[TestResult name=suggestion_question_is_Appeared status=SUCCESS method=Test_Search_With_Terms.suggestion_question_is_Appeared()[pri:2, instance:testCases.Test_Search_With_Terms@40cb8df7] output={null}]]]>
              </value>
            </param>
          </params>
          <reporter-output>
          </reporter-output>
        </test-method> <!-- afterMethod -->
        <test-method is-config="true" signature="beforeMethods(java.lang.reflect.Method)[pri:0, instance:testCases.Test_Search_With_Terms@40cb8df7]" started-at="2021-03-01T00:36:18 CST" name="beforeMethods" finished-at="2021-03-01T00:36:18 CST" duration-ms="0" status="PASS">
          <params>
            <param index="0">
              <value>
                <![CDATA[public void testCases.Test_Search_With_Terms.display_Map()]]>
              </value>
            </param>
          </params>
          <reporter-output>
          </reporter-output>
        </test-method> <!-- beforeMethods -->
        <test-method signature="display_Map()[pri:3, instance:testCases.Test_Search_With_Terms@40cb8df7]" started-at="2021-03-01T00:36:18 CST" name="display_Map" finished-at="2021-03-01T00:36:18 CST" duration-ms="133" status="PASS">
          <reporter-output>
          </reporter-output>
        </test-method> <!-- display_Map -->
        <test-method is-config="true" signature="afterMethod(org.testng.ITestResult)[pri:0, instance:testCases.Test_Search_With_Terms@40cb8df7]" started-at="2021-03-01T00:36:18 CST" name="afterMethod" finished-at="2021-03-01T00:36:18 CST" duration-ms="0" status="PASS">
          <params>
            <param index="0">
              <value>
                <![CDATA[[TestResult name=display_Map status=SUCCESS method=Test_Search_With_Terms.display_Map()[pri:3, instance:testCases.Test_Search_With_Terms@40cb8df7] output={null}]]]>
              </value>
            </param>
          </params>
          <reporter-output>
          </reporter-output>
        </test-method> <!-- afterMethod -->
        <test-method is-config="true" signature="beforeMethods(java.lang.reflect.Method)[pri:0, instance:testCases.Test_Search_With_Terms@40cb8df7]" started-at="2021-03-01T00:36:18 CST" name="beforeMethods" finished-at="2021-03-01T00:36:18 CST" duration-ms="1" status="PASS">
          <params>
            <param index="0">
              <value>
                <![CDATA[public void testCases.Test_Search_With_Terms.verify_time_taken_less_than_second()]]>
              </value>
            </param>
          </params>
          <reporter-output>
          </reporter-output>
        </test-method> <!-- beforeMethods -->
        <test-method signature="verify_time_taken_less_than_second()[pri:4, instance:testCases.Test_Search_With_Terms@40cb8df7]" started-at="2021-03-01T00:36:18 CST" name="verify_time_taken_less_than_second" finished-at="2021-03-01T00:36:19 CST" duration-ms="117" status="PASS">
          <reporter-output>
          </reporter-output>
        </test-method> <!-- verify_time_taken_less_than_second -->
        <test-method is-config="true" signature="afterMethod(org.testng.ITestResult)[pri:0, instance:testCases.Test_Search_With_Terms@40cb8df7]" started-at="2021-03-01T00:36:19 CST" name="afterMethod" finished-at="2021-03-01T00:36:19 CST" duration-ms="1" status="PASS">
          <params>
            <param index="0">
              <value>
                <![CDATA[[TestResult name=verify_time_taken_less_than_second status=SUCCESS method=Test_Search_With_Terms.verify_time_taken_less_than_second()[pri:4, instance:testCases.Test_Search_With_Terms@40cb8df7] output={null}]]]>
              </value>
            </param>
          </params>
          <reporter-output>
          </reporter-output>
        </test-method> <!-- afterMethod -->
        <test-method is-config="true" signature="beforeMethods(java.lang.reflect.Method)[pri:0, instance:testCases.Test_Search_With_Terms@40cb8df7]" started-at="2021-03-01T00:36:19 CST" name="beforeMethods" finished-at="2021-03-01T00:36:19 CST" duration-ms="1" status="PASS">
          <params>
            <param index="0">
              <value>
                <![CDATA[public void testCases.Test_Search_With_Terms.verify_search_result_will_appear_about_is_visible()]]>
              </value>
            </param>
          </params>
          <reporter-output>
          </reporter-output>
        </test-method> <!-- beforeMethods -->
        <test-method signature="verify_search_result_will_appear_about_is_visible()[pri:5, instance:testCases.Test_Search_With_Terms@40cb8df7]" started-at="2021-03-01T00:36:19 CST" name="verify_search_result_will_appear_about_is_visible" finished-at="2021-03-01T00:36:19 CST" duration-ms="73" status="PASS">
          <reporter-output>
          </reporter-output>
        </test-method> <!-- verify_search_result_will_appear_about_is_visible -->
        <test-method is-config="true" signature="afterMethod(org.testng.ITestResult)[pri:0, instance:testCases.Test_Search_With_Terms@40cb8df7]" started-at="2021-03-01T00:36:19 CST" name="afterMethod" finished-at="2021-03-01T00:36:19 CST" duration-ms="0" status="PASS">
          <params>
            <param index="0">
              <value>
                <![CDATA[[TestResult name=verify_search_result_will_appear_about_is_visible status=SUCCESS method=Test_Search_With_Terms.verify_search_result_will_appear_about_is_visible()[pri:5, instance:testCases.Test_Search_With_Terms@40cb8df7] output={null}]]]>
              </value>
            </param>
          </params>
          <reporter-output>
          </reporter-output>
        </test-method> <!-- afterMethod -->
        <test-method is-config="true" signature="afterSuite()[pri:0, instance:testCases.Test_Search_With_Terms@40cb8df7]" started-at="2021-03-01T00:36:20 CST" name="afterSuite" finished-at="2021-03-01T00:36:21 CST" duration-ms="871" status="PASS">
          <reporter-output>
          </reporter-output>
        </test-method> <!-- afterSuite -->
      </class> <!-- testCases.Test_Search_With_Terms -->
      <class name="testCases.Test_Search_WithOut_Terms">
        <test-method is-config="true" signature="beforeMethods(java.lang.reflect.Method)[pri:0, instance:testCases.Test_Search_WithOut_Terms@13b13b5d]" started-at="2021-03-01T00:36:19 CST" name="beforeMethods" finished-at="2021-03-01T00:36:19 CST" duration-ms="0" status="PASS">
          <params>
            <param index="0">
              <value>
                <![CDATA[public void testCases.Test_Search_WithOut_Terms.testGooleSearch()]]>
              </value>
            </param>
          </params>
          <reporter-output>
          </reporter-output>
        </test-method> <!-- beforeMethods -->
        <test-method signature="testGooleSearch()[pri:1, instance:testCases.Test_Search_WithOut_Terms@13b13b5d]" started-at="2021-03-01T00:36:19 CST" name="testGooleSearch" finished-at="2021-03-01T00:36:20 CST" duration-ms="1383" status="PASS">
          <reporter-output>
          </reporter-output>
        </test-method> <!-- testGooleSearch -->
        <test-method is-config="true" signature="afterMethod(org.testng.ITestResult)[pri:0, instance:testCases.Test_Search_WithOut_Terms@13b13b5d]" started-at="2021-03-01T00:36:20 CST" name="afterMethod" finished-at="2021-03-01T00:36:20 CST" duration-ms="1" status="PASS">
          <params>
            <param index="0">
              <value>
                <![CDATA[[TestResult name=testGooleSearch status=SUCCESS method=Test_Search_WithOut_Terms.testGooleSearch()[pri:1, instance:testCases.Test_Search_WithOut_Terms@13b13b5d] output={null}]]]>
              </value>
            </param>
          </params>
          <reporter-output>
          </reporter-output>
        </test-method> <!-- afterMethod -->
        <test-method is-config="true" signature="beforeMethods(java.lang.reflect.Method)[pri:0, instance:testCases.Test_Search_WithOut_Terms@13b13b5d]" started-at="2021-03-01T00:36:20 CST" name="beforeMethods" finished-at="2021-03-01T00:36:20 CST" duration-ms="0" status="PASS">
          <params>
            <param index="0">
              <value>
                <![CDATA[public void testCases.Test_Search_WithOut_Terms.verify_Title()]]>
              </value>
            </param>
          </params>
          <reporter-output>
          </reporter-output>
        </test-method> <!-- beforeMethods -->
        <test-method signature="verify_Title()[pri:2, instance:testCases.Test_Search_WithOut_Terms@13b13b5d]" started-at="2021-03-01T00:36:20 CST" name="verify_Title" finished-at="2021-03-01T00:36:20 CST" duration-ms="5" status="PASS">
          <reporter-output>
          </reporter-output>
        </test-method> <!-- verify_Title -->
        <test-method is-config="true" signature="afterMethod(org.testng.ITestResult)[pri:0, instance:testCases.Test_Search_WithOut_Terms@13b13b5d]" started-at="2021-03-01T00:36:20 CST" name="afterMethod" finished-at="2021-03-01T00:36:20 CST" duration-ms="0" status="PASS">
          <params>
            <param index="0">
              <value>
                <![CDATA[[TestResult name=verify_Title status=SUCCESS method=Test_Search_WithOut_Terms.verify_Title()[pri:2, instance:testCases.Test_Search_WithOut_Terms@13b13b5d] output={null}]]]>
              </value>
            </param>
          </params>
          <reporter-output>
          </reporter-output>
        </test-method> <!-- afterMethod -->
        <test-method signature="about_Search_Results_Is_Appeard()[pri:3, instance:testCases.Test_Search_WithOut_Terms@13b13b5d]" started-at="2021-03-01T00:36:20 CST" name="about_Search_Results_Is_Appeard" finished-at="2021-03-01T00:36:20 CST" duration-ms="30" status="PASS">
          <reporter-output>
          </reporter-output>
        </test-method> <!-- about_Search_Results_Is_Appeard -->
        <test-method is-config="true" signature="beforeMethods(java.lang.reflect.Method)[pri:0, instance:testCases.Test_Search_WithOut_Terms@13b13b5d]" started-at="2021-03-01T00:36:20 CST" name="beforeMethods" finished-at="2021-03-01T00:36:20 CST" duration-ms="0" status="PASS">
          <params>
            <param index="0">
              <value>
                <![CDATA[public void testCases.Test_Search_WithOut_Terms.about_Search_Results_Is_Appeard()]]>
              </value>
            </param>
          </params>
          <reporter-output>
          </reporter-output>
        </test-method> <!-- beforeMethods -->
        <test-method is-config="true" signature="afterMethod(org.testng.ITestResult)[pri:0, instance:testCases.Test_Search_WithOut_Terms@13b13b5d]" started-at="2021-03-01T00:36:20 CST" name="afterMethod" finished-at="2021-03-01T00:36:20 CST" duration-ms="0" status="PASS">
          <params>
            <param index="0">
              <value>
                <![CDATA[[TestResult name=about_Search_Results_Is_Appeard status=SUCCESS method=Test_Search_WithOut_Terms.about_Search_Results_Is_Appeard()[pri:3, instance:testCases.Test_Search_WithOut_Terms@13b13b5d] output={null}]]]>
              </value>
            </param>
          </params>
          <reporter-output>
          </reporter-output>
        </test-method> <!-- afterMethod -->
        <test-method signature="verify_time_taken_less_than_second()[pri:4, instance:testCases.Test_Search_WithOut_Terms@13b13b5d]" started-at="2021-03-01T00:36:20 CST" name="verify_time_taken_less_than_second" finished-at="2021-03-01T00:36:20 CST" duration-ms="30" status="PASS">
          <reporter-output>
          </reporter-output>
        </test-method> <!-- verify_time_taken_less_than_second -->
        <test-method is-config="true" signature="beforeMethods(java.lang.reflect.Method)[pri:0, instance:testCases.Test_Search_WithOut_Terms@13b13b5d]" started-at="2021-03-01T00:36:20 CST" name="beforeMethods" finished-at="2021-03-01T00:36:20 CST" duration-ms="0" status="PASS">
          <params>
            <param index="0">
              <value>
                <![CDATA[public void testCases.Test_Search_WithOut_Terms.verify_time_taken_less_than_second()]]>
              </value>
            </param>
          </params>
          <reporter-output>
          </reporter-output>
        </test-method> <!-- beforeMethods -->
        <test-method is-config="true" signature="afterMethod(org.testng.ITestResult)[pri:0, instance:testCases.Test_Search_WithOut_Terms@13b13b5d]" started-at="2021-03-01T00:36:20 CST" name="afterMethod" finished-at="2021-03-01T00:36:20 CST" duration-ms="1" status="PASS">
          <params>
            <param index="0">
              <value>
                <![CDATA[[TestResult name=verify_time_taken_less_than_second status=SUCCESS method=Test_Search_WithOut_Terms.verify_time_taken_less_than_second()[pri:4, instance:testCases.Test_Search_WithOut_Terms@13b13b5d] output={null}]]]>
              </value>
            </param>
          </params>
          <reporter-output>
          </reporter-output>
        </test-method> <!-- afterMethod -->
      </class> <!-- testCases.Test_Search_WithOut_Terms -->
    </test> <!-- Test -->
  </suite> <!-- Suite -->
</testng-results>
